app/build/intermediates/manifest_merge_blame_file/debug/manifest-merger-blame-debug-report.txt
1<?xml version="1.0" encoding="utf-8"?>
2<manifest xmlns:android="http://schemas.android.com/apk/res/android"
3    package="com.example.projectskripsi"
4    android:versionCode="1"
5    android:versionName="1.0" >
6
7    <uses-sdk
8        android:minSdkVersion="26"
8-->src\main\AndroidManifest.xml
9        android:targetSdkVersion="33" />
9-->src\main\AndroidManifest.xml
10
11    <uses-permission android:name="android.permission.INTERNET" />
11-->src\main\AndroidManifest.xml:5:5-67
11-->src\main\AndroidManifest.xml:5:22-64
12
13    <!-- Although the *SdkVersion is captured in gradle build files, this is required for non gradle builds -->
14    <!-- <uses-sdk android:minSdkVersion="14"/> -->
15    <uses-permission android:name="android.permission.ACCESS_NETWORK_STATE" />
15-->[com.google.firebase:firebase-database:20.1.0] AndroidManifest.xml:24:5-79
15-->[com.google.firebase:firebase-database:20.1.0] AndroidManifest.xml:24:22-76
16    <uses-permission android:name="android.permission.POST_NOTIFICATIONS" />
16-->[com.google.firebase:firebase-messaging:23.1.0] AndroidManifest.xml:25:5-77
16-->[com.google.firebase:firebase-messaging:23.1.0] AndroidManifest.xml:25:22-74
17    <uses-permission android:name="android.permission.WAKE_LOCK" /> <!-- Required by older versions of Google Play services to create IID tokens -->
17-->[com.google.firebase:firebase-messaging:23.1.0] AndroidManifest.xml:26:5-68
17-->[com.google.firebase:firebase-messaging:23.1.0] AndroidManifest.xml:26:22-65
18    <uses-permission android:name="com.google.android.c2dm.permission.RECEIVE" />
18-->[com.google.firebase:firebase-messaging:23.1.0] AndroidManifest.xml:28:5-82
18-->[com.google.firebase:firebase-messaging:23.1.0] AndroidManifest.xml:28:22-79
19
20    <permission
20-->[androidx.core:core:1.9.0] AndroidManifest.xml:22:5-24:47
21        android:name="com.example.projectskripsi.DYNAMIC_RECEIVER_NOT_EXPORTED_PERMISSION"
21-->[androidx.core:core:1.9.0] AndroidManifest.xml:23:9-81
22        android:protectionLevel="signature" />
22-->[androidx.core:core:1.9.0] AndroidManifest.xml:24:9-44
23
24    <uses-permission android:name="com.example.projectskripsi.DYNAMIC_RECEIVER_NOT_EXPORTED_PERMISSION" />
24-->[androidx.core:core:1.9.0] AndroidManifest.xml:26:5-97
24-->[androidx.core:core:1.9.0] AndroidManifest.xml:26:22-94
25
26    <application
26-->src\main\AndroidManifest.xml:7:5-96:19
27        android:allowBackup="true"
27-->src\main\AndroidManifest.xml:8:9-35
28        android:appComponentFactory="androidx.core.app.CoreComponentFactory"
28-->[androidx.core:core:1.9.0] AndroidManifest.xml:28:18-86
29        android:dataExtractionRules="@xml/data_extraction_rules"
29-->src\main\AndroidManifest.xml:9:9-65
30        android:debuggable="true"
31        android:extractNativeLibs="false"
32        android:fullBackupContent="@xml/backup_rules"
32-->src\main\AndroidManifest.xml:10:9-54
33        android:icon="@mipmap/cibentang"
33-->src\main\AndroidManifest.xml:11:9-41
34        android:label="@string/app_name"
34-->src\main\AndroidManifest.xml:12:9-41
35        android:roundIcon="@mipmap/cibentang"
35-->src\main\AndroidManifest.xml:13:9-46
36        android:supportsRtl="true"
36-->src\main\AndroidManifest.xml:14:9-35
37        android:testOnly="true"
38        android:theme="@style/Theme.ProjectSkripsi" >
38-->src\main\AndroidManifest.xml:15:9-52
39        <meta-data
39-->src\main\AndroidManifest.xml:18:9-20:58
40            android:name="com.google.firebase.messaging.default_notification_icon"
40-->src\main\AndroidManifest.xml:19:13-83
41            android:resource="@drawable/notifications" />
41-->src\main\AndroidManifest.xml:20:13-55
42        <meta-data
42-->src\main\AndroidManifest.xml:21:9-23:47
43            android:name="com.google.firebase.messaging.default_notification_color"
43-->src\main\AndroidManifest.xml:22:13-84
44            android:resource="@color/white" />
44-->src\main\AndroidManifest.xml:23:13-44
45
46        <activity
46-->src\main\AndroidManifest.xml:25:9-29:55
47            android:name="com.example.projectskripsi.ui.activity.DetailLembagaActivity"
47-->src\main\AndroidManifest.xml:26:13-62
48            android:exported="false"
48-->src\main\AndroidManifest.xml:27:13-37
49            android:screenOrientation="portrait" />
49-->src\main\AndroidManifest.xml:28:13-49
50        <activity
50-->src\main\AndroidManifest.xml:31:9-35:55
51            android:name="com.example.projectskripsi.ui.activity.DetailGaleriKegiatanActivity"
51-->src\main\AndroidManifest.xml:32:13-69
52            android:exported="false"
52-->src\main\AndroidManifest.xml:33:13-37
53            android:screenOrientation="portrait" />
53-->src\main\AndroidManifest.xml:34:13-49
54        <activity
54-->src\main\AndroidManifest.xml:36:9-40:55
55            android:name="com.example.projectskripsi.ui.activity.GaleriDesaActivity"
55-->src\main\AndroidManifest.xml:37:13-59
56            android:exported="false"
56-->src\main\AndroidManifest.xml:38:13-37
57            android:screenOrientation="portrait" />
57-->src\main\AndroidManifest.xml:39:13-49
58        <activity
58-->src\main\AndroidManifest.xml:41:9-45:55
59            android:name="com.example.projectskripsi.ui.activity.AgendaDesaActivity"
59-->src\main\AndroidManifest.xml:42:13-59
60            android:exported="false"
60-->src\main\AndroidManifest.xml:43:13-37
61            android:screenOrientation="portrait" />
61-->src\main\AndroidManifest.xml:44:13-49
62        <activity
62-->src\main\AndroidManifest.xml:46:9-50:55
63            android:name="com.example.projectskripsi.ui.activity.DetailAgendaDesaActivity"
63-->src\main\AndroidManifest.xml:47:13-65
64            android:exported="false"
64-->src\main\AndroidManifest.xml:48:13-37
65            android:screenOrientation="portrait" />
65-->src\main\AndroidManifest.xml:49:13-49
66        <activity
66-->src\main\AndroidManifest.xml:51:9-55:55
67            android:name="com.example.projectskripsi.ui.activity.DetailBeritaDesaActivity"
67-->src\main\AndroidManifest.xml:52:13-65
68            android:exported="false"
68-->src\main\AndroidManifest.xml:53:13-37
69            android:screenOrientation="portrait" />
69-->src\main\AndroidManifest.xml:54:13-49
70        <activity
70-->src\main\AndroidManifest.xml:56:9-60:55
71            android:name="com.example.projectskripsi.ui.activity.BeritaDesaActivity"
71-->src\main\AndroidManifest.xml:57:13-59
72            android:exported="false"
72-->src\main\AndroidManifest.xml:58:13-37
73            android:screenOrientation="portrait" />
73-->src\main\AndroidManifest.xml:59:13-49
74        <activity
74-->src\main\AndroidManifest.xml:61:9-65:55
75            android:name="com.example.projectskripsi.ui.activity.RiwayatPengaduanActivity"
75-->src\main\AndroidManifest.xml:62:13-65
76            android:exported="false"
76-->src\main\AndroidManifest.xml:63:13-37
77            android:screenOrientation="portrait" />
77-->src\main\AndroidManifest.xml:64:13-49
78        <activity
78-->src\main\AndroidManifest.xml:66:9-70:55
79            android:name="com.example.projectskripsi.ui.activity.PengaduanActivity"
79-->src\main\AndroidManifest.xml:67:13-58
80            android:exported="false"
80-->src\main\AndroidManifest.xml:68:13-37
81            android:screenOrientation="portrait" />
81-->src\main\AndroidManifest.xml:69:13-49
82        <activity
82-->src\main\AndroidManifest.xml:71:9-75:55
83            android:name="com.example.projectskripsi.ui.activity.PencarianBeritaActivity"
83-->src\main\AndroidManifest.xml:72:13-64
84            android:exported="false"
84-->src\main\AndroidManifest.xml:73:13-37
85            android:screenOrientation="portrait" />
85-->src\main\AndroidManifest.xml:74:13-49
86        <activity
86-->src\main\AndroidManifest.xml:76:9-87:20
87            android:name="com.example.projectskripsi.ui.activity.MainActivity"
87-->src\main\AndroidManifest.xml:77:13-53
88            android:exported="true"
88-->src\main\AndroidManifest.xml:78:13-36
89            android:screenOrientation="portrait" >
89-->src\main\AndroidManifest.xml:79:13-49
90            <intent-filter>
90-->src\main\AndroidManifest.xml:82:13-86:29
91                <action android:name="android.intent.action.MAIN" />
91-->src\main\AndroidManifest.xml:83:17-69
91-->src\main\AndroidManifest.xml:83:25-66
92
93                <category android:name="android.intent.category.LAUNCHER" />
93-->src\main\AndroidManifest.xml:85:17-77
93-->src\main\AndroidManifest.xml:85:27-74
94            </intent-filter>
95        </activity>
96
97        <service
97-->src\main\AndroidManifest.xml:89:9-95:19
98            android:name="com.example.projectskripsi.utils.MyFirebaseMessagingService"
98-->src\main\AndroidManifest.xml:90:13-61
99            android:exported="false" >
99-->src\main\AndroidManifest.xml:91:13-37
100            <intent-filter>
100-->src\main\AndroidManifest.xml:92:13-94:29
101                <action android:name="com.google.firebase.MESSAGING_EVENT" />
101-->src\main\AndroidManifest.xml:93:17-78
101-->src\main\AndroidManifest.xml:93:25-75
102            </intent-filter>
103        </service>
104
105        <provider
105-->[androidx.emoji2:emoji2:1.2.0] AndroidManifest.xml:24:9-32:20
106            android:name="androidx.startup.InitializationProvider"
106-->[androidx.emoji2:emoji2:1.2.0] AndroidManifest.xml:25:13-67
107            android:authorities="com.example.projectskripsi.androidx-startup"
107-->[androidx.emoji2:emoji2:1.2.0] AndroidManifest.xml:26:13-68
108            android:exported="false" >
108-->[androidx.emoji2:emoji2:1.2.0] AndroidManifest.xml:27:13-37
109            <meta-data
109-->[androidx.emoji2:emoji2:1.2.0] AndroidManifest.xml:29:13-31:52
110                android:name="androidx.emoji2.text.EmojiCompatInitializer"
110-->[androidx.emoji2:emoji2:1.2.0] AndroidManifest.xml:30:17-75
111                android:value="androidx.startup" />
111-->[androidx.emoji2:emoji2:1.2.0] AndroidManifest.xml:31:17-49
112            <meta-data
112-->[androidx.lifecycle:lifecycle-process:2.6.1] AndroidManifest.xml:29:13-31:52
113                android:name="androidx.lifecycle.ProcessLifecycleInitializer"
113-->[androidx.lifecycle:lifecycle-process:2.6.1] AndroidManifest.xml:30:17-78
114                android:value="androidx.startup" />
114-->[androidx.lifecycle:lifecycle-process:2.6.1] AndroidManifest.xml:31:17-49
115            <meta-data
115-->[androidx.profileinstaller:profileinstaller:1.3.0] AndroidManifest.xml:29:13-31:52
116                android:name="androidx.profileinstaller.ProfileInstallerInitializer"
116-->[androidx.profileinstaller:profileinstaller:1.3.0] AndroidManifest.xml:30:17-85
117                android:value="androidx.startup" />
117-->[androidx.profileinstaller:profileinstaller:1.3.0] AndroidManifest.xml:31:17-49
118        </provider>
119
120        <service
120-->[com.google.firebase:firebase-database:20.1.0] AndroidManifest.xml:28:9-34:19
121            android:name="com.google.firebase.components.ComponentDiscoveryService"
121-->[com.google.firebase:firebase-database:20.1.0] AndroidManifest.xml:29:13-84
122            android:directBootAware="true"
122-->[com.google.firebase:firebase-common:20.2.0] AndroidManifest.xml:34:13-43
123            android:exported="false" >
123-->[com.google.firebase:firebase-database:20.1.0] AndroidManifest.xml:30:13-37
124            <meta-data
124-->[com.google.firebase:firebase-database:20.1.0] AndroidManifest.xml:31:13-33:85
125                android:name="com.google.firebase.components:com.google.firebase.database.DatabaseRegistrar"
125-->[com.google.firebase:firebase-database:20.1.0] AndroidManifest.xml:32:17-109
126                android:value="com.google.firebase.components.ComponentRegistrar" />
126-->[com.google.firebase:firebase-database:20.1.0] AndroidManifest.xml:33:17-82
127            <meta-data
127-->[com.google.firebase:firebase-messaging:23.1.0] AndroidManifest.xml:55:13-57:85
128                android:name="com.google.firebase.components:com.google.firebase.messaging.FirebaseMessagingRegistrar"
128-->[com.google.firebase:firebase-messaging:23.1.0] AndroidManifest.xml:56:17-119
129                android:value="com.google.firebase.components.ComponentRegistrar" />
129-->[com.google.firebase:firebase-messaging:23.1.0] AndroidManifest.xml:57:17-82
130            <meta-data
130-->[com.google.firebase:firebase-datatransport:18.1.7] AndroidManifest.xml:27:13-29:85
131                android:name="com.google.firebase.components:com.google.firebase.datatransport.TransportRegistrar"
131-->[com.google.firebase:firebase-datatransport:18.1.7] AndroidManifest.xml:28:17-115
132                android:value="com.google.firebase.components.ComponentRegistrar" />
132-->[com.google.firebase:firebase-datatransport:18.1.7] AndroidManifest.xml:29:17-82
133            <meta-data
133-->[com.google.firebase:firebase-installations:17.1.0] AndroidManifest.xml:17:13-19:85
134                android:name="com.google.firebase.components:com.google.firebase.installations.FirebaseInstallationsRegistrar"
134-->[com.google.firebase:firebase-installations:17.1.0] AndroidManifest.xml:18:17-127
135                android:value="com.google.firebase.components.ComponentRegistrar" />
135-->[com.google.firebase:firebase-installations:17.1.0] AndroidManifest.xml:19:17-82
136        </service>
137
138        <receiver
138-->[com.google.firebase:firebase-messaging:23.1.0] AndroidManifest.xml:31:9-38:20
139            android:name="com.google.firebase.iid.FirebaseInstanceIdReceiver"
139-->[com.google.firebase:firebase-messaging:23.1.0] AndroidManifest.xml:32:13-78
140            android:exported="true"
140-->[com.google.firebase:firebase-messaging:23.1.0] AndroidManifest.xml:33:13-36
141            android:permission="com.google.android.c2dm.permission.SEND" >
141-->[com.google.firebase:firebase-messaging:23.1.0] AndroidManifest.xml:34:13-73
142            <intent-filter>
142-->[com.google.firebase:firebase-messaging:23.1.0] AndroidManifest.xml:35:13-37:29
143                <action android:name="com.google.android.c2dm.intent.RECEIVE" />
143-->[com.google.firebase:firebase-messaging:23.1.0] AndroidManifest.xml:36:17-81
143-->[com.google.firebase:firebase-messaging:23.1.0] AndroidManifest.xml:36:25-78
144            </intent-filter>
145        </receiver>
146        <!--
147             FirebaseMessagingService performs security checks at runtime,
148             but set to not exported to explicitly avoid allowing another app to call it.
149        -->
150        <service
150-->[com.google.firebase:firebase-messaging:23.1.0] AndroidManifest.xml:44:9-51:19
151            android:name="com.google.firebase.messaging.FirebaseMessagingService"
151-->[com.google.firebase:firebase-messaging:23.1.0] AndroidManifest.xml:45:13-82
152            android:directBootAware="true"
152-->[com.google.firebase:firebase-messaging:23.1.0] AndroidManifest.xml:46:13-43
153            android:exported="false" >
153-->[com.google.firebase:firebase-messaging:23.1.0] AndroidManifest.xml:47:13-37
154            <intent-filter android:priority="-500" >
154-->src\main\AndroidManifest.xml:92:13-94:29
155                <action android:name="com.google.firebase.MESSAGING_EVENT" />
155-->src\main\AndroidManifest.xml:93:17-78
155-->src\main\AndroidManifest.xml:93:25-75
156            </intent-filter>
157        </service>
158
159        <activity
159-->[com.google.android.gms:play-services-base:18.0.1] AndroidManifest.xml:20:9-22:45
160            android:name="com.google.android.gms.common.api.GoogleApiActivity"
160-->[com.google.android.gms:play-services-base:18.0.1] AndroidManifest.xml:20:19-85
161            android:exported="false"
161-->[com.google.android.gms:play-services-base:18.0.1] AndroidManifest.xml:22:19-43
162            android:theme="@android:style/Theme.Translucent.NoTitleBar" />
162-->[com.google.android.gms:play-services-base:18.0.1] AndroidManifest.xml:21:19-78
163
164        <provider
164-->[com.google.firebase:firebase-common:20.2.0] AndroidManifest.xml:25:9-30:39
165            android:name="com.google.firebase.provider.FirebaseInitProvider"
165-->[com.google.firebase:firebase-common:20.2.0] AndroidManifest.xml:26:13-77
166            android:authorities="com.example.projectskripsi.firebaseinitprovider"
166-->[com.google.firebase:firebase-common:20.2.0] AndroidManifest.xml:27:13-72
167            android:directBootAware="true"
167-->[com.google.firebase:firebase-common:20.2.0] AndroidManifest.xml:28:13-43
168            android:exported="false"
168-->[com.google.firebase:firebase-common:20.2.0] AndroidManifest.xml:29:13-37
169            android:initOrder="100" />
169-->[com.google.firebase:firebase-common:20.2.0] AndroidManifest.xml:30:13-36
170
171        <meta-data
171-->[com.google.android.gms:play-services-basement:18.1.0] AndroidManifest.xml:21:9-23:69
172            android:name="com.google.android.gms.version"
172-->[com.google.android.gms:play-services-basement:18.1.0] AndroidManifest.xml:22:13-58
173            android:value="@integer/google_play_services_version" />
173-->[com.google.android.gms:play-services-basement:18.1.0] AndroidManifest.xml:23:13-66
174
175        <uses-library
175-->[androidx.window:window:1.0.0] AndroidManifest.xml:25:9-27:40
176            android:name="androidx.window.extensions"
176-->[androidx.window:window:1.0.0] AndroidManifest.xml:26:13-54
177            android:required="false" />
177-->[androidx.window:window:1.0.0] AndroidManifest.xml:27:13-37
178        <uses-library
178-->[androidx.window:window:1.0.0] AndroidManifest.xml:28:9-30:40
179            android:name="androidx.window.sidecar"
179-->[androidx.window:window:1.0.0] AndroidManifest.xml:29:13-51
180            android:required="false" />
180-->[androidx.window:window:1.0.0] AndroidManifest.xml:30:13-37
181
182        <service
182-->[com.google.android.datatransport:transport-backend-cct:3.1.8] AndroidManifest.xml:28:9-34:19
183            android:name="com.google.android.datatransport.runtime.backends.TransportBackendDiscovery"
183-->[com.google.android.datatransport:transport-backend-cct:3.1.8] AndroidManifest.xml:29:13-103
184            android:exported="false" >
184-->[com.google.android.datatransport:transport-backend-cct:3.1.8] AndroidManifest.xml:30:13-37
185            <meta-data
185-->[com.google.android.datatransport:transport-backend-cct:3.1.8] AndroidManifest.xml:31:13-33:39
186                android:name="backend:com.google.android.datatransport.cct.CctBackendFactory"
186-->[com.google.android.datatransport:transport-backend-cct:3.1.8] AndroidManifest.xml:32:17-94
187                android:value="cct" />
187-->[com.google.android.datatransport:transport-backend-cct:3.1.8] AndroidManifest.xml:33:17-36
188        </service>
189        <service
189-->[com.google.android.datatransport:transport-runtime:3.1.8] AndroidManifest.xml:26:9-30:19
190            android:name="com.google.android.datatransport.runtime.scheduling.jobscheduling.JobInfoSchedulerService"
190-->[com.google.android.datatransport:transport-runtime:3.1.8] AndroidManifest.xml:27:13-117
191            android:exported="false"
191-->[com.google.android.datatransport:transport-runtime:3.1.8] AndroidManifest.xml:28:13-37
192            android:permission="android.permission.BIND_JOB_SERVICE" >
192-->[com.google.android.datatransport:transport-runtime:3.1.8] AndroidManifest.xml:29:13-69
193        </service>
194
195        <receiver
195-->[com.google.android.datatransport:transport-runtime:3.1.8] AndroidManifest.xml:32:9-34:40
196            android:name="com.google.android.datatransport.runtime.scheduling.jobscheduling.AlarmManagerSchedulerBroadcastReceiver"
196-->[com.google.android.datatransport:transport-runtime:3.1.8] AndroidManifest.xml:33:13-132
197            android:exported="false" />
197-->[com.google.android.datatransport:transport-runtime:3.1.8] AndroidManifest.xml:34:13-37
198        <receiver
198-->[androidx.profileinstaller:profileinstaller:1.3.0] AndroidManifest.xml:34:9-52:20
199            android:name="androidx.profileinstaller.ProfileInstallReceiver"
199-->[androidx.profileinstaller:profileinstaller:1.3.0] AndroidManifest.xml:35:13-76
200            android:directBootAware="false"
200-->[androidx.profileinstaller:profileinstaller:1.3.0] AndroidManifest.xml:36:13-44
201            android:enabled="true"
201-->[androidx.profileinstaller:profileinstaller:1.3.0] AndroidManifest.xml:37:13-35
202            android:exported="true"
202-->[androidx.profileinstaller:profileinstaller:1.3.0] AndroidManifest.xml:38:13-36
203            android:permission="android.permission.DUMP" >
203-->[androidx.profileinstaller:profileinstaller:1.3.0] AndroidManifest.xml:39:13-57
204            <intent-filter>
204-->[androidx.profileinstaller:profileinstaller:1.3.0] AndroidManifest.xml:40:13-42:29
205                <action android:name="androidx.profileinstaller.action.INSTALL_PROFILE" />
205-->[androidx.profileinstaller:profileinstaller:1.3.0] AndroidManifest.xml:41:17-91
205-->[androidx.profileinstaller:profileinstaller:1.3.0] AndroidManifest.xml:41:25-88
206            </intent-filter>
207            <intent-filter>
207-->[androidx.profileinstaller:profileinstaller:1.3.0] AndroidManifest.xml:43:13-45:29
208                <action android:name="androidx.profileinstaller.action.SKIP_FILE" />
208-->[androidx.profileinstaller:profileinstaller:1.3.0] AndroidManifest.xml:44:17-85
208-->[androidx.profileinstaller:profileinstaller:1.3.0] AndroidManifest.xml:44:25-82
209            </intent-filter>
210            <intent-filter>
210-->[androidx.profileinstaller:profileinstaller:1.3.0] AndroidManifest.xml:46:13-48:29
211                <action android:name="androidx.profileinstaller.action.SAVE_PROFILE" />
211-->[androidx.profileinstaller:profileinstaller:1.3.0] AndroidManifest.xml:47:17-88
211-->[androidx.profileinstaller:profileinstaller:1.3.0] AndroidManifest.xml:47:25-85
212            </intent-filter>
213            <intent-filter>
213-->[androidx.profileinstaller:profileinstaller:1.3.0] AndroidManifest.xml:49:13-51:29
214                <action android:name="androidx.profileinstaller.action.BENCHMARK_OPERATION" />
214-->[androidx.profileinstaller:profileinstaller:1.3.0] AndroidManifest.xml:50:17-95
214-->[androidx.profileinstaller:profileinstaller:1.3.0] AndroidManifest.xml:50:25-92
215            </intent-filter>
216        </receiver>
217    </application>
218
219</manifest>